<?xml version="1.0" encoding="UTF-8"?>
<testng-results ignored="0" total="1" passed="1" failed="0" skipped="0">
  <reporter-output>
  </reporter-output>
  <suite started-at="2023-10-26T15:48:46 IST" name="Default suite" finished-at="2023-10-26T15:48:50 IST" duration-ms="3819">
    <groups>
    </groups>
    <test started-at="2023-10-26T15:48:46 IST" name="Default test" finished-at="2023-10-26T15:48:50 IST" duration-ms="3819">
      <class name="xyz.WebDriverT">
        <test-method signature="loggin_test()[pri:0, instance:xyz.WebDriverT@436813f3]" started-at="2023-10-26T15:48:46 IST" name="loggin_test" finished-at="2023-10-26T15:48:50 IST" duration-ms="3759" status="PASS">
          <reporter-output>
          </reporter-output>
        </test-method> <!-- loggin_test -->
      </class> <!-- xyz.WebDriverT -->
    </test> <!-- Default test -->
  </suite> <!-- Default suite -->
</testng-results>
